<?xml version="1.0" encoding="UTF-8"?>
<testng-results skipped="0" failed="0" total="1" passed="1">
  <reporter-output>
  </reporter-output>
  <suite name="Default suite" duration-ms="2965" started-at="2017-12-24T17:49:39Z" finished-at="2017-12-24T17:49:42Z">
    <groups>
    </groups>
    <test name="Default test" duration-ms="2965" started-at="2017-12-24T17:49:39Z" finished-at="2017-12-24T17:49:42Z">
      <class name="PostTest">
        <test-method status="PASS" signature="RegistrationSuccessful()[pri:0, instance:PostTest@7946e1f4]" name="RegistrationSuccessful" duration-ms="2937" started-at="2017-12-24T23:19:39Z" finished-at="2017-12-24T23:19:42Z">
          <reporter-output>
          </reporter-output>
        </test-method> <!-- RegistrationSuccessful -->
      </class> <!-- PostTest -->
    </test> <!-- Default test -->
  </suite> <!-- Default suite -->
</testng-results>
